<?xml version="1.0" encoding="UTF-8"?>
<!-- Generated by org.testng.reporters.JUnitReportReporter -->
<testsuite hostname="DESKTOP-78LMM9H" failures="0" tests="1" name="Com.Test.Test_VendorPOCreate" time="182.298" errors="0" timestamp="2022-10-10T19:40:16 IST" skipped="0">
  <testcase classname="Com.Test.Test_VendorPOCreate" name="purchase" time="182.298"/>
  <system-out/>
</testsuite> <!-- Com.Test.Test_VendorPOCreate -->
