<?xml version="1.0" encoding="UTF-8"?>
<!-- Generated by org.testng.reporters.JUnitReportReporter -->
<testsuite hostname="DESKTOP-78LMM9H" failures="0" tests="1" name="Com.Test.Test_VendorPOCreate" time="670.184" errors="0" timestamp="2022-10-10T18:32:18 IST" skipped="0">
  <testcase classname="Com.Test.Test_VendorPOCreate" name="purchase" time="670.184"/>
  <system-out/>
</testsuite> <!-- Com.Test.Test_VendorPOCreate -->
