<?xml version="1.0" encoding="UTF-8"?>
<!-- Generated by org.testng.reporters.JUnitReportReporter -->
<testsuite hostname="DESKTOP-78LMM9H" failures="0" tests="1" name="Com.Test.Test_VendorPOCreate" time="132.026" errors="0" timestamp="2022-10-11T12:17:03 IST" skipped="0">
  <testcase classname="Com.Test.Test_VendorPOCreate" name="purchase" time="132.026"/>
  <system-out/>
</testsuite> <!-- Com.Test.Test_VendorPOCreate -->
